# JRE version: Java(TM) SE Runtime Environment (23.0.1+11) (build 23.0.1+11-39)
# Java VM: Java HotSpot(TM) 64-Bit Server VM (23.0.1+11-39, mixed mode, sharing, tiered, compressed oops, compressed class ptrs, g1 gc, windows-amd64)
GC Precious Log:
 CardTable entry size: 512
 Card Set container configuration: InlinePtr #cards 4 size 8 Array Of Cards #cards 16 size 48 Howl #buckets 8 coarsen threshold 3686 Howl Bitmap #cards 512 size 80 coarsen threshold 460 Card regions per heap region 1 cards per card region 4096
 CPUs: 4 total, 4 available
 Memory: 16195M
 Large Page Support: Disabled
 NUMA Support: Disabled
 Compressed Oops: Enabled (Zero based)
 Heap Region Size: 2M
 Heap Min Capacity: 8M
 Heap Initial Capacity: 254M
 Heap Max Capacity: 4050M
 Pre-touch: Disabled
 Parallel Workers: 4
 Concurrent Workers: 1
 Concurrent Refinement Workers: 4
 Periodic GC: Disabled
Heap:
 garbage-first heap   total reserved 4147200K, committed 51200K, used 32181K [0x0000000702e00000, 0x0000000800000000)
  region size 2048K, 1 young (2048K), 1 survivors (2048K)
 Metaspace       used 74072K, committed 74752K, reserved 1114112K
  class space    used 10337K, committed 10624K, reserved 1048576K
GC Heap History (20 events):
Event: 21.269 GC heap after
{Heap after GC invocations=13 (full 0):
 garbage-first heap   total reserved 4147200K, committed 49152K, used 23123K [0x0000000702e00000, 0x0000000800000000)
  region size 2048K, 2 young (4096K), 2 survivors (4096K)
 Metaspace       used 39642K, committed 40256K, reserved 1114112K
  class space    used 5450K, committed 5696K, reserved 1048576K
}
Event: 22.533 GC heap before
{Heap before GC invocations=13 (full 0):
 garbage-first heap   total reserved 4147200K, committed 49152K, used 37459K [0x0000000702e00000, 0x0000000800000000)
  region size 2048K, 9 young (18432K), 2 survivors (4096K)
 Metaspace       used 43127K, committed 43776K, reserved 1114112K
  class space    used 5985K, committed 6272K, reserved 1048576K
}
Event: 22.559 GC heap after
{Heap after GC invocations=14 (full 0):
 garbage-first heap   total reserved 4147200K, committed 49152K, used 24209K [0x0000000702e00000, 0x0000000800000000)
  region size 2048K, 2 young (4096K), 2 survivors (4096K)
 Metaspace       used 43127K, committed 43776K, reserved 1114112K
  class space    used 5985K, committed 6272K, reserved 1048576K
}
Event: 24.607 GC heap before
{Heap before GC invocations=14 (full 0):
 garbage-first heap   total reserved 4147200K, committed 49152K, used 38545K [0x0000000702e00000, 0x0000000800000000)
  region size 2048K, 9 young (18432K), 2 survivors (4096K)
 Metaspace       used 50605K, committed 51200K, reserved 1114112K
  class space    used 6893K, committed 7168K, reserved 1048576K
}
Event: 24.627 GC heap after
{Heap after GC invocations=15 (full 0):
 garbage-first heap   total reserved 4147200K, committed 49152K, used 26221K [0x0000000702e00000, 0x0000000800000000)
  region size 2048K, 2 young (4096K), 2 survivors (4096K)
 Metaspace       used 50605K, committed 51200K, reserved 1114112K
  class space    used 6893K, committed 7168K, reserved 1048576K
}
Event: 25.902 GC heap before
{Heap before GC invocations=16 (full 0):
 garbage-first heap   total reserved 4147200K, committed 49152K, used 38509K [0x0000000702e00000, 0x0000000800000000)
  region size 2048K, 8 young (16384K), 2 survivors (4096K)
 Metaspace       used 53245K, committed 53888K, reserved 1114112K
  class space    used 7222K, committed 7488K, reserved 1048576K
}
Event: 25.911 GC heap after
{Heap after GC invocations=17 (full 0):
 garbage-first heap   total reserved 4147200K, committed 49152K, used 27381K [0x0000000702e00000, 0x0000000800000000)
  region size 2048K, 1 young (2048K), 1 survivors (2048K)
 Metaspace       used 53245K, committed 53888K, reserved 1114112K
  class space    used 7222K, committed 7488K, reserved 1048576K
}
Event: 26.598 GC heap before
{Heap before GC invocations=17 (full 0):
 garbage-first heap   total reserved 4147200K, committed 49152K, used 39669K [0x0000000702e00000, 0x0000000800000000)
  region size 2048K, 8 young (16384K), 1 survivors (2048K)
 Metaspace       used 56669K, committed 57280K, reserved 1114112K
  class space    used 7599K, committed 7872K, reserved 1048576K
}
Event: 26.605 GC heap after
{Heap after GC invocations=18 (full 0):
 garbage-first heap   total reserved 4147200K, committed 49152K, used 27411K [0x0000000702e00000, 0x0000000800000000)
  region size 2048K, 1 young (2048K), 1 survivors (2048K)
 Metaspace       used 56669K, committed 57280K, reserved 1114112K
  class space    used 7599K, committed 7872K, reserved 1048576K
}
Event: 27.622 GC heap before
{Heap before GC invocations=18 (full 0):
 garbage-first heap   total reserved 4147200K, committed 49152K, used 41747K [0x0000000702e00000, 0x0000000800000000)
  region size 2048K, 8 young (16384K), 1 survivors (2048K)
 Metaspace       used 62218K, committed 62848K, reserved 1114112K
  class space    used 8367K, committed 8640K, reserved 1048576K
}
Event: 27.627 GC heap after
{Heap after GC invocations=19 (full 0):
 garbage-first heap   total reserved 4147200K, committed 49152K, used 28086K [0x0000000702e00000, 0x0000000800000000)
  region size 2048K, 1 young (2048K), 1 survivors (2048K)
 Metaspace       used 62218K, committed 62848K, reserved 1114112K
  class space    used 8367K, committed 8640K, reserved 1048576K
}
Event: 28.606 GC heap before
{Heap before GC invocations=20 (full 0):
 garbage-first heap   total reserved 4147200K, committed 51200K, used 40374K [0x0000000702e00000, 0x0000000800000000)
  region size 2048K, 7 young (14336K), 1 survivors (2048K)
 Metaspace       used 64163K, committed 64832K, reserved 1114112K
  class space    used 8802K, committed 9088K, reserved 1048576K
}
Event: 28.610 GC heap after
{Heap after GC invocations=21 (full 0):
 garbage-first heap   total reserved 4147200K, committed 51200K, used 28610K [0x0000000702e00000, 0x0000000800000000)
  region size 2048K, 1 young (2048K), 1 survivors (2048K)
 Metaspace       used 64163K, committed 64832K, reserved 1114112K
  class space    used 8802K, committed 9088K, reserved 1048576K
}
Event: 29.293 GC heap before
{Heap before GC invocations=21 (full 0):
 garbage-first heap   total reserved 4147200K, committed 51200K, used 42946K [0x0000000702e00000, 0x0000000800000000)
  region size 2048K, 8 young (16384K), 1 survivors (2048K)
 Metaspace       used 67517K, committed 68160K, reserved 1114112K
  class space    used 9305K, committed 9600K, reserved 1048576K
}
Event: 29.301 GC heap after
{Heap after GC invocations=22 (full 0):
 garbage-first heap   total reserved 4147200K, committed 51200K, used 28980K [0x0000000702e00000, 0x0000000800000000)
  region size 2048K, 1 young (2048K), 1 survivors (2048K)
 Metaspace       used 67517K, committed 68160K, reserved 1114112K
  class space    used 9305K, committed 9600K, reserved 1048576K
}
Event: 30.189 GC heap before
{Heap before GC invocations=22 (full 0):
 garbage-first heap   total reserved 4147200K, committed 51200K, used 43316K [0x0000000702e00000, 0x0000000800000000)
  region size 2048K, 8 young (16384K), 1 survivors (2048K)
 Metaspace       used 69530K, committed 70144K, reserved 1114112K
  class space    used 9556K, committed 9792K, reserved 1048576K
}
Event: 30.199 GC heap after
{Heap after GC invocations=23 (full 0):
 garbage-first heap   total reserved 4147200K, committed 51200K, used 30129K [0x0000000702e00000, 0x0000000800000000)
  region size 2048K, 1 young (2048K), 1 survivors (2048K)
 Metaspace       used 69530K, committed 70144K, reserved 1114112K
  class space    used 9556K, committed 9792K, reserved 1048576K
}
Event: 31.044 GC heap before
{Heap before GC invocations=24 (full 0):
 garbage-first heap   total reserved 4147200K, committed 51200K, used 44465K [0x0000000702e00000, 0x0000000800000000)
  region size 2048K, 8 young (16384K), 1 survivors (2048K)
 Metaspace       used 71661K, committed 72384K, reserved 1114112K
  class space    used 9845K, committed 10176K, reserved 1048576K
}
Event: 31.052 GC heap after
{Heap after GC invocations=25 (full 0):
 garbage-first heap   total reserved 4147200K, committed 51200K, used 31289K [0x0000000702e00000, 0x0000000800000000)
  region size 2048K, 1 young (2048K), 1 survivors (2048K)
 Metaspace       used 71661K, committed 72384K, reserved 1114112K
  class space    used 9845K, committed 10176K, reserved 1048576K
}
Event: 31.884 GC heap before
{Heap before GC invocations=25 (full 0):
 garbage-first heap   total reserved 4147200K, committed 51200K, used 41529K [0x0000000702e00000, 0x0000000800000000)
  region size 2048K, 7 young (14336K), 1 survivors (2048K)
 Metaspace       used 74072K, committed 74752K, reserved 1114112K
  class space    used 10337K, committed 10624K, reserved 1048576K
}

